<?xml version="1.0" encoding="UTF-8"?>
<!-- Generated by org.testng.reporters.JUnitReportReporter -->
<testsuite skipped="0" hostname="CORE08" name="testcase.payrollHelpDesk.PayrollHelpDesk_AdminSettings_GroupPageTests" tests="2" failures="0" timestamp="2020-10-05T06:51:14 IST" time="71.095" errors="0">
  <testcase name="createGroup" time="58.311" classname="testcase.payrollHelpDesk.PayrollHelpDesk_AdminSettings_GroupPageTests"/>
  <system-out>
SUCCESSFULLY login by Admin User Successfully login by ADMIN User  </system-out>
  <testcase name="editGroup" time="12.784" classname="testcase.payrollHelpDesk.PayrollHelpDesk_AdminSettings_GroupPageTests"/>
  <system-out/>
</testsuite> <!-- testcase.payrollHelpDesk.PayrollHelpDesk_AdminSettings_GroupPageTests -->
