<?xml version="1.0" encoding="UTF-8"?>
<!-- Generated by org.testng.reporters.JUnitReportReporter -->
<testsuite skipped="0" hostname="CORE08" name="testcase.payrollHelpDesk.PayrollHelpDesk_TicketListingTests" tests="1" failures="0" timestamp="2020-10-12T11:25:29 IST" time="31.862" errors="0">
  <testcase name="searchByAllStatusTicketListing" time="31.862" classname="testcase.payrollHelpDesk.PayrollHelpDesk_TicketListingTests"/>
  <system-out>
SUCCESSFULLY login by Admin User  </system-out>
</testsuite> <!-- testcase.payrollHelpDesk.PayrollHelpDesk_TicketListingTests -->
