<?xml version="1.0" encoding="UTF-8"?>
<!-- Generated by org.testng.reporters.JUnitReportReporter -->
<testsuite skipped="0" hostname="CORE08" name="testcase.payrollHelpDesk.PayrollHelpDesk_LoginPageTests" tests="9" failures="0" timestamp="2020-09-30T16:57:38 IST" time="127.359" errors="0">
  <testcase name="verifyAdminLogin" time="21.463" classname="testcase.payrollHelpDesk.PayrollHelpDesk_LoginPageTests"/>
  <system-out>
POSITIVE TESTCASE-1	:Login Page: verify Admin User type  </system-out>
  <testcase name="verifyEmployeeLogin" time="17.978" classname="testcase.payrollHelpDesk.PayrollHelpDesk_LoginPageTests"/>
  <system-out>
POSITIVE TESTCASE-2	:Login Page: verify Employee User type  </system-out>
  <testcase name="verifyUserLogin" time="16.480" classname="testcase.payrollHelpDesk.PayrollHelpDesk_LoginPageTests"/>
  <system-out>
POSITIVE TESTCASE-3	:Login Page: verify Normal User type  </system-out>
  <testcase name="EmptyUsernameEmptyPassword" time="11.501" classname="testcase.payrollHelpDesk.PayrollHelpDesk_LoginPageTests"/>
  <system-out>
NEGATIVE TESTCASE-1	:Login Page: Empty Username & Password!  </system-out>
  <testcase name="EmptyUsernameValidPassword" time="11.404" classname="testcase.payrollHelpDesk.PayrollHelpDesk_LoginPageTests"/>
  <system-out>
NEGATIVE TESTCASE-2	:Login Page: Empty Username & valid Password  </system-out>
  <testcase name="ValidUsernameEmptyPassword" time="11.422" classname="testcase.payrollHelpDesk.PayrollHelpDesk_LoginPageTests"/>
  <system-out>
NEGATIVE TESTCASE-3	:Login Page: Valid Username & Empty Password  </system-out>
  <testcase name="InvalidUsernameValidPassword" time="12.366" classname="testcase.payrollHelpDesk.PayrollHelpDesk_LoginPageTests"/>
  <system-out>
NEGATIVE TESTCASE-4	:Login Page: Invalid Username & valid Password  </system-out>
  <testcase name="ValidUsernameInvalidPassword" time="12.112" classname="testcase.payrollHelpDesk.PayrollHelpDesk_LoginPageTests"/>
  <system-out>
NEGATIVE TESTCASE-5	:Login Page: Valid Username & invalid Password  </system-out>
  <testcase name="InvalidUsernameInvalidPassword" time="12.633" classname="testcase.payrollHelpDesk.PayrollHelpDesk_LoginPageTests"/>
  <system-out>
NEGATIVE TESTCASE-6	:Login Page: Invalid Username & invalid Password  </system-out>
</testsuite> <!-- testcase.payrollHelpDesk.PayrollHelpDesk_LoginPageTests -->
