<?xml version="1.0" encoding="UTF-8"?>
<!-- Generated by org.testng.reporters.JUnitReportReporter -->
<testsuite skipped="0" hostname="CORE08" name="testcase.payrollHelpDesk.PayrollHelpDesk_TicketListingTests" tests="10" failures="0" timestamp="2020-10-15T11:00:25 IST" time="242.774" errors="0">
  <testcase name="searchByAllStatusTicketListing" time="34.800" classname="testcase.payrollHelpDesk.PayrollHelpDesk_TicketListingTests"/>
  <system-out>
SUCCESSFULLY login by Admin User  </system-out>
  <testcase name="searchByOpenStatusTicketListing" time="18.461" classname="testcase.payrollHelpDesk.PayrollHelpDesk_TicketListingTests"/>
  <system-out/>
  <testcase name="searchByClosedStatusTicketListing" time="20.140" classname="testcase.payrollHelpDesk.PayrollHelpDesk_TicketListingTests"/>
  <system-out/>
  <testcase name="searchByPendingStatusTicketListing" time="18.650" classname="testcase.payrollHelpDesk.PayrollHelpDesk_TicketListingTests"/>
  <system-out/>
  <testcase name="searchByOnHoldStatusTicketListing" time="18.535" classname="testcase.payrollHelpDesk.PayrollHelpDesk_TicketListingTests"/>
  <system-out/>
  <testcase name="searchByReOpenStatusTicketListing" time="18.690" classname="testcase.payrollHelpDesk.PayrollHelpDesk_TicketListingTests"/>
  <system-out/>
  <testcase name="searchByAssignToMeStatusTicketListing" time="5.495" classname="testcase.payrollHelpDesk.PayrollHelpDesk_TicketListingTests"/>
  <system-out/>
  <testcase name="viewTicket" time="35.972" classname="testcase.payrollHelpDesk.PayrollHelpDesk_TicketListingTests"/>
  <system-out/>
  <testcase name="deleteTicket" time="36.020" classname="testcase.payrollHelpDesk.PayrollHelpDesk_TicketListingTests"/>
  <system-out/>
  <testcase name="downloadTicket" time="36.011" classname="testcase.payrollHelpDesk.PayrollHelpDesk_TicketListingTests"/>
  <system-out/>
</testsuite> <!-- testcase.payrollHelpDesk.PayrollHelpDesk_TicketListingTests -->
