<?xml version="1.0" encoding="UTF-8"?>
<!-- Generated by org.testng.reporters.JUnitReportReporter -->
<testsuite skipped="0" hostname="CORE08" name="testcase.payrollHelpDesk.PayrollHelpDesk_UserPageTests" tests="2" failures="0" timestamp="2020-10-05T13:25:52 IST" time="71.906" errors="0">
  <testcase name="createUser" time="52.511" classname="testcase.payrollHelpDesk.PayrollHelpDesk_UserPageTests"/>
  <system-out>
SUCCESSFULLY login by Admin User ====Successfully login====  </system-out>
  <testcase name="editUser" time="19.395" classname="testcase.payrollHelpDesk.PayrollHelpDesk_UserPageTests"/>
  <system-out/>
</testsuite> <!-- testcase.payrollHelpDesk.PayrollHelpDesk_UserPageTests -->
