<?xml version="1.0" encoding="UTF-8"?>
<!-- Generated by org.testng.reporters.JUnitReportReporter -->
<testsuite skipped="0" hostname="CORE08" name="testcase.payrollHelpDesk.PayrollHelpDesk_AdminSettings_GroupPageTests" tests="2" failures="0" timestamp="2020-10-12T11:27:51 IST" time="57.149" errors="0">
  <testcase name="createGroup" time="42.558" classname="testcase.payrollHelpDesk.PayrollHelpDesk_AdminSettings_GroupPageTests"/>
  <system-out>
SUCCESSFULLY login by Admin User  </system-out>
  <testcase name="editGroup" time="14.591" classname="testcase.payrollHelpDesk.PayrollHelpDesk_AdminSettings_GroupPageTests"/>
  <system-out/>
</testsuite> <!-- testcase.payrollHelpDesk.PayrollHelpDesk_AdminSettings_GroupPageTests -->
