<?xml version="1.0" encoding="UTF-8"?>
<!-- Generated by org.testng.reporters.JUnitReportReporter -->
<testsuite skipped="0" hostname="CORE08" name="testcase.payrollHelpDesk.PayrollHelpDesk_TicketListingTests" tests="1" failures="0" timestamp="2020-09-30T16:42:25 IST" time="36.373" errors="0">
  <testcase name="searchByStatusTicketListing" time="36.373" classname="testcase.payrollHelpDesk.PayrollHelpDesk_TicketListingTests"/>
  <system-out>
SUCCESSFULLY login by Admin User  </system-out>
</testsuite> <!-- testcase.payrollHelpDesk.PayrollHelpDesk_TicketListingTests -->
